<?xml version="1.0" encoding="UTF-8"?>
<testsuite name="com.ginger.android.data.repository.AuthRepositoryTest" tests="20" skipped="0" failures="0" errors="0" timestamp="2026-06-02T22:08:45.255Z" hostname="runnervm3jyl0" time="0.045">
  <properties/>
  <testcase name="remember me preference toggle" classname="com.ginger.android.data.repository.AuthRepositoryTest" time="0.001"/>
  <testcase name="Result failure handles exception correctly" classname="com.ginger.android.data.repository.AuthRepositoryTest" time="0.001"/>
  <testcase name="UNIQUE constraint check - phone exists logic" classname="com.ginger.android.data.repository.AuthRepositoryTest" time="0.02"/>
  <testcase name="multiple users can have admin status" classname="com.ginger.android.data.repository.AuthRepositoryTest" time="0.001"/>
  <testcase name="admin status grant changes from false to true" classname="com.ginger.android.data.repository.AuthRepositoryTest" time="0.0"/>
  <testcase name="admin users can be filtered from list" classname="com.ginger.android.data.repository.AuthRepositoryTest" time="0.006"/>
  <testcase name="user id is unique" classname="com.ginger.android.data.repository.AuthRepositoryTest" time="0.0"/>
  <testcase name="phone normalization handles null" classname="com.ginger.android.data.repository.AuthRepositoryTest" time="0.0"/>
  <testcase name="phone validation rejects invalid phone" classname="com.ginger.android.data.repository.AuthRepositoryTest" time="0.005"/>
  <testcase name="Result success handles UserEntity correctly" classname="com.ginger.android.data.repository.AuthRepositoryTest" time="0.0"/>
  <testcase name="Result handles null UserEntity" classname="com.ginger.android.data.repository.AuthRepositoryTest" time="0.0"/>
  <testcase name="users can be sorted by phone" classname="com.ginger.android.data.repository.AuthRepositoryTest" time="0.002"/>
  <testcase name="phone validation accepts valid Russian phone" classname="com.ginger.android.data.repository.AuthRepositoryTest" time="0.001"/>
  <testcase name="google user can have null phone and password" classname="com.ginger.android.data.repository.AuthRepositoryTest" time="0.0"/>
  <testcase name="password hash is not empty" classname="com.ginger.android.data.repository.AuthRepositoryTest" time="0.0"/>
  <testcase name="google login method is correctly identified" classname="com.ginger.android.data.repository.AuthRepositoryTest" time="0.001"/>
  <testcase name="phone normalization removes spaces and dashes" classname="com.ginger.android.data.repository.AuthRepositoryTest" time="0.0"/>
  <testcase name="user with phone cannot have null password" classname="com.ginger.android.data.repository.AuthRepositoryTest" time="0.0"/>
  <testcase name="admin status revoke changes from true to false" classname="com.ginger.android.data.repository.AuthRepositoryTest" time="0.0"/>
  <testcase name="phone login method is correctly identified" classname="com.ginger.android.data.repository.AuthRepositoryTest" time="0.0"/>
  <system-out><![CDATA[]]></system-out>
  <system-err><![CDATA[]]></system-err>
</testsuite>
