<?xml version="1.0" encoding="UTF-8"?>
<testsuite name="com.ginger.android.util.RetryUtilsTest" tests="17" skipped="0" failures="0" errors="0" timestamp="2026-06-02T22:08:45.474Z" hostname="runnervm3jyl0" time="0.031">
  <properties/>
  <testcase name="retryWithBackoff works with map types" classname="com.ginger.android.util.RetryUtilsTest" time="0.002"/>
  <testcase name="retryWithBackoff works with nullable types" classname="com.ginger.android.util.RetryUtilsTest" time="0.001"/>
  <testcase name="retryWithBackoff retries after first failure" classname="com.ginger.android.util.RetryUtilsTest" time="0.002"/>
  <testcase name="retryWithBackoff network failure scenario" classname="com.ginger.android.util.RetryUtilsTest" time="0.002"/>
  <testcase name="retryWithBackoff exponential backoff calculation" classname="com.ginger.android.util.RetryUtilsTest" time="0.002"/>
  <testcase name="retryWithBackoff single retry" classname="com.ginger.android.util.RetryUtilsTest" time="0.001"/>
  <testcase name="retryWithBackoff returns correct value" classname="com.ginger.android.util.RetryUtilsTest" time="0.002"/>
  <testcase name="retryWithBackoff throws after max retries exceeded" classname="com.ginger.android.util.RetryUtilsTest" time="0.002"/>
  <testcase name="retryWithBackoff succeeds after multiple failures" classname="com.ginger.android.util.RetryUtilsTest" time="0.003"/>
  <testcase name="retryWithBackoff succeeds on first attempt" classname="com.ginger.android.util.RetryUtilsTest" time="0.001"/>
  <testcase name="retryWithBackoff retries multiple times" classname="com.ginger.android.util.RetryUtilsTest" time="0.001"/>
  <testcase name="retryWithBackoff works with list types" classname="com.ginger.android.util.RetryUtilsTest" time="0.002"/>
  <testcase name="retryWithBackoff with zero initial delay" classname="com.ginger.android.util.RetryUtilsTest" time="0.001"/>
  <testcase name="retryWithBackoff default times is 3" classname="com.ginger.android.util.RetryUtilsTest" time="0.001"/>
  <testcase name="retryWithBackoff preserves original exception" classname="com.ginger.android.util.RetryUtilsTest" time="0.003"/>
  <testcase name="retryWithBackoff handles different exception types" classname="com.ginger.android.util.RetryUtilsTest" time="0.001"/>
  <testcase name="retryWithBackoff single retry fails immediately" classname="com.ginger.android.util.RetryUtilsTest" time="0.002"/>
  <system-out><![CDATA[]]></system-out>
  <system-err><![CDATA[]]></system-err>
</testsuite>
