<?xml version="1.0" encoding="UTF-8"?>
<testsuite name="com.ginger.android.util.RetryUtilsGenericTest" tests="5" skipped="0" failures="0" errors="0" timestamp="2026-06-02T22:08:45.461Z" hostname="runnervm3jyl0" time="0.009">
  <properties/>
  <testcase name="propagates exception after single attempt" classname="com.ginger.android.util.RetryUtilsGenericTest" time="0.002"/>
  <testcase name="works with list type" classname="com.ginger.android.util.RetryUtilsGenericTest" time="0.002"/>
  <testcase name="works with custom type" classname="com.ginger.android.util.RetryUtilsGenericTest" time="0.002"/>
  <testcase name="works with String type" classname="com.ginger.android.util.RetryUtilsGenericTest" time="0.002"/>
  <testcase name="works with nullable type" classname="com.ginger.android.util.RetryUtilsGenericTest" time="0.001"/>
  <system-out><![CDATA[]]></system-out>
  <system-err><![CDATA[]]></system-err>
</testsuite>
