<?xml version="1.0" encoding="UTF-8"?>
<testsuite name="com.ginger.android.data.repository.RequestPagingUnitTest" tests="2" skipped="0" failures="0" errors="0" timestamp="2026-06-02T22:08:45.434Z" hostname="runnervm3jyl0" time="0.008">
  <properties/>
  <testcase name="repository_selects_owner_paging_source_correctly" classname="com.ginger.android.data.repository.RequestPagingUnitTest" time="0.007"/>
  <testcase name="inMemoryPagingSource_loads_without_pager" classname="com.ginger.android.data.repository.RequestPagingUnitTest" time="0.001"/>
  <system-out><![CDATA[]]></system-out>
  <system-err><![CDATA[]]></system-err>
</testsuite>
